<?xml version="1.0" encoding="UTF-8"?>
<!-- Generated by org.testng.reporters.JUnitReportReporter -->
<testsuite skipped="0" hostname="KRISHNAGEHLOTR" name="com.restassured.apitest.udemy.Test005_PostResponseValidation" tests="1" failures="0" timestamp="24 Jun 2018 06:36:29 GMT" time="3.493" errors="0">
  <testcase name="validatePostRequestResponse" time="3.493" classname="com.restassured.apitest.udemy.Test005_PostResponseValidation"/>
</testsuite> <!-- com.restassured.apitest.udemy.Test005_PostResponseValidation -->
