<?xml version="1.0" encoding="UTF-8"?>
<!-- Generated by org.testng.reporters.JUnitReportReporter -->
<testsuite skipped="0" hostname="KRISHNAGEHLOTR" name="com.restassured.apitest.Test007_CityInJsonResponse" tests="2" failures="0" timestamp="03 Jun 2018 08:14:18 GMT" time="4.990" errors="0">
  <testcase name="verifyCityInJsonResponse" time="0.925" classname="com.restassured.apitest.Test007_CityInJsonResponse"/>
  <testcase name="printAllNodesInWeatherApi" time="4.065" classname="com.restassured.apitest.Test007_CityInJsonResponse"/>
</testsuite> <!-- com.restassured.apitest.Test007_CityInJsonResponse -->
