<?xml version="1.0" encoding="UTF-8"?>
<!-- Generated by org.testng.reporters.JUnitReportReporter -->
<testsuite skipped="0" hostname="KRISHNAGEHLOTR" name="com.restassured.apitest.udemy.Test002_GetResponseOfGooglePlaceApi" tests="1" failures="0" timestamp="23 Jun 2018 07:27:14 GMT" time="4.727" errors="0">
  <testcase name="getResponseOfGooglePlaceApi" time="4.727" classname="com.restassured.apitest.udemy.Test002_GetResponseOfGooglePlaceApi"/>
</testsuite> <!-- com.restassured.apitest.udemy.Test002_GetResponseOfGooglePlaceApi -->
