<?xml version="1.0" encoding="UTF-8"?>
<!-- Generated by org.testng.reporters.JUnitReportReporter -->
<testsuite skipped="0" hostname="KRISHNAGEHLOTR" name="com.restassured.apitest.udemy.Test001_GetGoogleApiStatusCode" tests="1" failures="0" timestamp="22 Jun 2018 17:10:05 GMT" time="8.432" errors="0">
  <testcase name="getGoogleApiStatusCode" time="8.432" classname="com.restassured.apitest.udemy.Test001_GetGoogleApiStatusCode"/>
</testsuite> <!-- com.restassured.apitest.udemy.Test001_GetGoogleApiStatusCode -->
