<?xml version="1.0" encoding="UTF-8"?>
<!-- Generated by org.testng.reporters.JUnitReportReporter -->
<testsuite skipped="0" hostname="KRISHNAGEHLOTR" name="com.restassured.apitest.udemy.Test009_LoggingRestAssured" tests="1" failures="0" timestamp="08 Jul 2018 10:34:14 GMT" time="4.327" errors="0">
  <testcase name="verifyPostXmlRequet" time="4.327" classname="com.restassured.apitest.udemy.Test009_LoggingRestAssured"/>
</testsuite> <!-- com.restassured.apitest.udemy.Test009_LoggingRestAssured -->
