<?xml version="1.0" encoding="UTF-8"?>
<!-- Generated by org.testng.reporters.JUnitReportReporter -->
<testsuite skipped="0" hostname="KRISHNAGEHLOTR" name="com.restassured.apitest.Test006_ResponseBodyContainsString" tests="1" failures="0" timestamp="02 Jun 2018 16:45:37 GMT" time="4.137" errors="0">
  <testcase name="weatherMessageBody" time="4.137" classname="com.restassured.apitest.Test006_ResponseBodyContainsString"/>
</testsuite> <!-- com.restassured.apitest.Test006_ResponseBodyContainsString -->
