<?xml version="1.0" encoding="UTF-8"?>
<!-- Generated by org.testng.reporters.JUnitReportReporter -->
<testsuite skipped="0" hostname="KRISHNAGEHLOTR" name="com.restassured.apitest.SimpleGetTest" tests="1" failures="0" timestamp="02 Jun 2018 08:06:55 GMT" time="4.161" errors="0">
  <testcase name="getWeatherDetails" time="4.161" classname="com.restassured.apitest.SimpleGetTest"/>
</testsuite> <!-- com.restassured.apitest.SimpleGetTest -->
