<?xml version="1.0" encoding="UTF-8"?>
<!-- Generated by org.testng.reporters.JUnitReportReporter -->
<testsuite skipped="0" hostname="KRISHNAGEHLOTR" name="com.restassured.apitest.Test005_ResponseBody" tests="1" failures="0" timestamp="02 Jun 2018 16:22:09 GMT" time="3.383" errors="0">
  <testcase name="getWeatherStatusLine" time="3.383" classname="com.restassured.apitest.Test005_ResponseBody"/>
</testsuite> <!-- com.restassured.apitest.Test005_ResponseBody -->
