<?xml version="1.0" encoding="UTF-8"?>
<!-- Generated by org.testng.reporters.JUnitReportReporter -->
<testsuite skipped="0" hostname="KRISHNAGEHLOTR" name="com.restassured.apitest.udemy.Test007_ParseXMLResponse" tests="1" failures="0" timestamp="25 Jun 2018 16:45:49 GMT" time="3.812" errors="0">
  <testcase name="verifyPostXmlRequet" time="3.812" classname="com.restassured.apitest.udemy.Test007_ParseXMLResponse"/>
</testsuite> <!-- com.restassured.apitest.udemy.Test007_ParseXMLResponse -->
