<?xml version="1.0" encoding="UTF-8"?>
<!-- Generated by org.testng.reporters.JUnitReportReporter -->
<testsuite skipped="0" hostname="KRISHNAGEHLOTR" name="com.restassured.apitest.udemy.Test008_ParseJSONResponse" tests="1" failures="0" timestamp="25 Jun 2018 17:26:13 GMT" time="4.979" errors="0">
  <testcase name="verifyPostXmlRequet" time="4.979" classname="com.restassured.apitest.udemy.Test008_ParseJSONResponse"/>
</testsuite> <!-- com.restassured.apitest.udemy.Test008_ParseJSONResponse -->
