<?xml version="1.0" encoding="UTF-8"?>
<!-- Generated by org.testng.reporters.JUnitReportReporter -->
<testsuite skipped="0" hostname="KRISHNAGEHLOTR" name="com.restassured.apitest.udemy.Test004_PostRequest" tests="1" failures="0" timestamp="23 Jun 2018 14:11:13 GMT" time="3.938" errors="0">
  <testcase name="verifyResponse" time="3.938" classname="com.restassured.apitest.udemy.Test004_PostRequest"/>
</testsuite> <!-- com.restassured.apitest.udemy.Test004_PostRequest -->
