<?xml version="1.0" encoding="UTF-8"?>
<!-- Generated by org.testng.reporters.JUnitReportReporter -->
<testsuite skipped="0" hostname="KRISHNAGEHLOTR" name="com.restassured.apitest.Test006_ResponseBodyAssert" tests="2" failures="0" timestamp="02 Jun 2018 18:09:04 GMT" time="4.587" errors="0">
  <testcase name="weatherMessageBodyAssertContains" time="3.803" classname="com.restassured.apitest.Test006_ResponseBodyAssert"/>
  <testcase name="weatherMessageBodyAssertIgnoreCase" time="0.784" classname="com.restassured.apitest.Test006_ResponseBodyAssert"/>
</testsuite> <!-- com.restassured.apitest.Test006_ResponseBodyAssert -->
