<?xml version="1.0" encoding="UTF-8"?>
<!-- Generated by org.testng.reporters.JUnitReportReporter -->
<testsuite skipped="0" hostname="KRISHNAGEHLOTR" name="com.restassured.apitest.udemy.Test003_ValidateResponse" tests="1" failures="0" timestamp="23 Jun 2018 07:47:13 GMT" time="4.421" errors="0">
  <testcase name="verifyResponse" time="4.421" classname="com.restassured.apitest.udemy.Test003_ValidateResponse"/>
</testsuite> <!-- com.restassured.apitest.udemy.Test003_ValidateResponse -->
